Tests run: 0, Failures: 0, Errors: 0, Skipped: 0
Tests run: 0, Failures: 0, Errors: 0, Skipped: 0
Tests run: 2, Failures: 0, Errors: 0, Skipped: 0, Time elapsed: 1.267 sec
Tests run: 6, Failures: 0, Errors: 0, Skipped: 0, Time elapsed: 0.862 sec
Tests run: 1, Failures: 0, Errors: 0, Skipped: 0, Time elapsed: 0.108 sec
Tests run: 3, Failures: 0, Errors: 0, Skipped: 0, Time elapsed: 0.225 sec
Tests run: 4, Failures: 0, Errors: 0, Skipped: 0, Time elapsed: 0.397 sec
Tests run: 2, Failures: 0, Errors: 0, Skipped: 0, Time elapsed: 0.139 sec
Tests run: 3, Failures: 0, Errors: 0, Skipped: 0, Time elapsed: 0.209 sec
Tests run: 9, Failures: 0, Errors: 0, Skipped: 0, Time elapsed: 0.62 sec
Tests run: 6, Failures: 0, Errors: 0, Skipped: 0, Time elapsed: 0.372 sec
Tests run: 1, Failures: 0, Errors: 0, Skipped: 0, Time elapsed: 0.094 sec
Tests run: 1, Failures: 0, Errors: 0, Skipped: 0, Time elapsed: 0.058 sec
Tests run: 1, Failures: 0, Errors: 0, Skipped: 0, Time elapsed: 0.053 sec
Tests run: 1, Failures: 0, Errors: 0, Skipped: 0, Time elapsed: 0.053 sec
Tests run: 7, Failures: 0, Errors: 0, Skipped: 0, Time elapsed: 0.501 sec
Tests run: 2, Failures: 0, Errors: 0, Skipped: 0, Time elapsed: 0.121 sec
Tests run: 2, Failures: 0, Errors: 0, Skipped: 0, Time elapsed: 0.004 sec
Tests run: 16, Failures: 0, Errors: 0, Skipped: 0, Time elapsed: 0.917 sec
Tests run: 4, Failures: 0, Errors: 0, Skipped: 0, Time elapsed: 0.215 sec
Tests run: 71, Failures: 0, Errors: 0, Skipped: 0
Tests run: 0, Failures: 0, Errors: 0, Skipped: 0
Tests run: 0, Failures: 0, Errors: 0, Skipped: 0
Tests run: 0, Failures: 0, Errors: 0, Skipped: 0
Tests run: 0, Failures: 0, Errors: 0, Skipped: 0
Tests run: 0, Failures: 0, Errors: 0, Skipped: 0
Tests run: 4, Failures: 0, Errors: 0, Skipped: 0, Time elapsed: 0.038 sec
Tests run: 13, Failures: 0, Errors: 0, Skipped: 0, Time elapsed: 0.019 sec
Tests run: 2, Failures: 0, Errors: 0, Skipped: 0, Time elapsed: 0.003 sec
Tests run: 19, Failures: 0, Errors: 0, Skipped: 0
Tests run: 2, Failures: 0, Errors: 0, Skipped: 0, Time elapsed: 1.419 sec
Tests run: 2, Failures: 0, Errors: 0, Skipped: 0
Tests run: 2, Failures: 0, Errors: 0, Skipped: 0, Time elapsed: 1.435 sec
Tests run: 2, Failures: 0, Errors: 0, Skipped: 0
Tests run: 0, Failures: 0, Errors: 0, Skipped: 0
Tests run: 11, Failures: 0, Errors: 0, Skipped: 3, Time elapsed: 7.638 sec
Tests run: 11, Failures: 0, Errors: 0, Skipped: 3
Tests run: 0, Failures: 0, Errors: 0, Skipped: 0
Tests run: 0, Failures: 0, Errors: 0, Skipped: 0
--------------------------------------------------------------------------
Tests run: 210, Failures: 0, Errors: 0, Skipped: 6